
*** Running vivado
    with args -log Top.vds -m64 -product Vivado -mode batch -messageDb vivado.pb -notrace -source Top.tcl


****** Vivado v2017.3 (64-bit)
  **** SW Build 2018833 on Wed Oct  4 19:58:22 MDT 2017
  **** IP Build 2016188 on Wed Oct  4 21:52:56 MDT 2017
    ** Copyright 1986-2017 Xilinx, Inc. All Rights Reserved.

source Top.tcl -notrace
Command: synth_design -top Top -part xc7a50tcsg324-1
Starting synth_design
Attempting to get a license for feature 'Synthesis' and/or device 'xc7a50t'
INFO: [Common 17-349] Got license for feature 'Synthesis' and/or device 'xc7a50t'
INFO: Launching helper process for spawning children vivado processes
INFO: Helper process launched with PID 10064 
---------------------------------------------------------------------------------
Starting RTL Elaboration : Time (s): cpu = 00:00:06 ; elapsed = 00:00:06 . Memory (MB): peak = 336.406 ; gain = 93.945
---------------------------------------------------------------------------------
INFO: [Synth 8-638] synthesizing module 'Top' [E:/FPGA-homework/Lock.srcs/sources_1/new/Top.v:23]
WARNING: [Synth 8-4446] all outputs are unconnected for this instance and logic may be removed [E:/FPGA-homework/Lock.srcs/sources_1/new/Top.v:37]
INFO: [Synth 8-638] synthesizing module 'DisplayFSM' [E:/FPGA-homework/Lock.srcs/sources_1/new/DisplayFSM.v:23]
INFO: [Synth 8-256] done synthesizing module 'DisplayFSM' (1#1) [E:/FPGA-homework/Lock.srcs/sources_1/new/DisplayFSM.v:23]
INFO: [Synth 8-638] synthesizing module 'Lock' [E:/FPGA-homework/Lock.srcs/sources_1/new/Lock.v:21]
INFO: [Synth 8-638] synthesizing module 'DisplayTubes' [E:/FPGA-homework/Lock.srcs/sources_1/new/TubeDisplay.v:52]
INFO: [Synth 8-638] synthesizing module 'D0_display' [E:/FPGA-homework/Lock.srcs/sources_1/new/TubeDisplay.v:22]
INFO: [Synth 8-226] default block is never used [E:/FPGA-homework/Lock.srcs/sources_1/new/TubeDisplay.v:30]
INFO: [Synth 8-256] done synthesizing module 'D0_display' (2#1) [E:/FPGA-homework/Lock.srcs/sources_1/new/TubeDisplay.v:22]
INFO: [Synth 8-256] done synthesizing module 'DisplayTubes' (3#1) [E:/FPGA-homework/Lock.srcs/sources_1/new/TubeDisplay.v:52]
INFO: [Synth 8-256] done synthesizing module 'Lock' (4#1) [E:/FPGA-homework/Lock.srcs/sources_1/new/Lock.v:21]
INFO: [Synth 8-256] done synthesizing module 'Top' (5#1) [E:/FPGA-homework/Lock.srcs/sources_1/new/Top.v:23]
---------------------------------------------------------------------------------
Finished RTL Elaboration : Time (s): cpu = 00:00:06 ; elapsed = 00:00:07 . Memory (MB): peak = 377.863 ; gain = 135.402
---------------------------------------------------------------------------------

Report Check Netlist: 
+------+------------------+-------+---------+-------+------------------+
|      |Item              |Errors |Warnings |Status |Description       |
+------+------------------+-------+---------+-------+------------------+
|1     |multi_driven_nets |      0|        0|Passed |Multi driven nets |
+------+------------------+-------+---------+-------+------------------+
WARNING: [Synth 8-3295] tying undriven pin lock:displayFSM to constant 0 [E:/FPGA-homework/Lock.srcs/sources_1/new/Top.v:42]
---------------------------------------------------------------------------------
Finished RTL Optimization Phase 1 : Time (s): cpu = 00:00:06 ; elapsed = 00:00:07 . Memory (MB): peak = 377.863 ; gain = 135.402
---------------------------------------------------------------------------------
INFO: [Device 21-403] Loading part xc7a50tcsg324-1
INFO: [Project 1-570] Preparing netlist for logic optimization

Processing XDC Constraints
Initializing timing engine
Parsing XDC File [E:/FPGA-homework/Lock.srcs/constrs_1/new/Tube.xdc]
Finished Parsing XDC File [E:/FPGA-homework/Lock.srcs/constrs_1/new/Tube.xdc]
INFO: [Project 1-236] Implementation specific constraints were found while reading constraint file [E:/FPGA-homework/Lock.srcs/constrs_1/new/Tube.xdc]. These constraints will be ignored for synthesis but will be used in implementation. Impacted constraints are listed in the file [.Xil/Top_propImpl.xdc].
Resolution: To avoid this warning, move constraints listed in [.Xil/Top_propImpl.xdc] to another XDC file and exclude this new file from synthesis with the used_in_synthesis property (File Properties dialog in GUI) and re-run elaboration/synthesis.
Completed Processing XDC Constraints

INFO: [Project 1-111] Unisim Transformation Summary:
No Unisim elements were transformed.

Constraint Validation Runtime : Time (s): cpu = 00:00:00 ; elapsed = 00:00:00.004 . Memory (MB): peak = 680.605 ; gain = 0.000
---------------------------------------------------------------------------------
Finished Constraint Validation : Time (s): cpu = 00:00:15 ; elapsed = 00:00:16 . Memory (MB): peak = 680.605 ; gain = 438.145
---------------------------------------------------------------------------------
---------------------------------------------------------------------------------
Start Loading Part and Timing Information
---------------------------------------------------------------------------------
Loading part: xc7a50tcsg324-1
---------------------------------------------------------------------------------
Finished Loading Part and Timing Information : Time (s): cpu = 00:00:15 ; elapsed = 00:00:16 . Memory (MB): peak = 680.605 ; gain = 438.145
---------------------------------------------------------------------------------
---------------------------------------------------------------------------------
Start Applying 'set_property' XDC Constraints
---------------------------------------------------------------------------------
---------------------------------------------------------------------------------
Finished applying 'set_property' XDC Constraints : Time (s): cpu = 00:00:15 ; elapsed = 00:00:16 . Memory (MB): peak = 680.605 ; gain = 438.145
---------------------------------------------------------------------------------
WARNING: [Synth 8-6014] Unused sequential element ckl_cnt_reg was removed.  [E:/FPGA-homework/Lock.srcs/sources_1/new/TubeDisplay.v:65]
---------------------------------------------------------------------------------
Finished RTL Optimization Phase 2 : Time (s): cpu = 00:00:15 ; elapsed = 00:00:16 . Memory (MB): peak = 680.605 ; gain = 438.145
---------------------------------------------------------------------------------

Report RTL Partitions: 
+-+--------------+------------+----------+
| |RTL Partition |Replication |Instances |
+-+--------------+------------+----------+
+-+--------------+------------+----------+
---------------------------------------------------------------------------------
Start RTL Component Statistics 
---------------------------------------------------------------------------------
Detailed RTL Component Info : 
+---Muxes : 
	   2 Input     16 Bit        Muxes := 1     
	   3 Input     16 Bit        Muxes := 1     
	   4 Input      4 Bit        Muxes := 4     
---------------------------------------------------------------------------------
Finished RTL Component Statistics 
---------------------------------------------------------------------------------
---------------------------------------------------------------------------------
Start RTL Hierarchical Component Statistics 
---------------------------------------------------------------------------------
Hierarchical RTL Component report 
Module DisplayTubes 
Detailed RTL Component Info : 
+---Muxes : 
	   4 Input      4 Bit        Muxes := 2     
Module Lock 
Detailed RTL Component Info : 
+---Muxes : 
	   2 Input     16 Bit        Muxes := 1     
	   3 Input     16 Bit        Muxes := 1     
---------------------------------------------------------------------------------
Finished RTL Hierarchical Component Statistics
---------------------------------------------------------------------------------
---------------------------------------------------------------------------------
Start Part Resource Summary
---------------------------------------------------------------------------------
Part Resources:
DSPs: 120 (col length:60)
BRAMs: 150 (col length: RAMB18 60 RAMB36 30)
---------------------------------------------------------------------------------
Finished Part Resource Summary
---------------------------------------------------------------------------------
---------------------------------------------------------------------------------
Start Cross Boundary and Area Optimization
---------------------------------------------------------------------------------
WARNING: [Synth 8-6014] Unused sequential element lock/displayPwd/ckl_cnt_reg was removed.  [E:/FPGA-homework/Lock.srcs/sources_1/new/TubeDisplay.v:65]
WARNING: [Synth 8-6014] Unused sequential element lock/displayPwd2/ckl_cnt_reg was removed.  [E:/FPGA-homework/Lock.srcs/sources_1/new/TubeDisplay.v:65]
WARNING: [Synth 8-6014] Unused sequential element lock/displayPwd2/ckl_cnt_reg was removed.  [E:/FPGA-homework/Lock.srcs/sources_1/new/TubeDisplay.v:65]
WARNING: [Synth 8-3332] Sequential element (lock/displayPwd/ckl_cnt_reg[16]) is unused and will be removed from module Top.
WARNING: [Synth 8-3332] Sequential element (lock/displayPwd/ckl_cnt_reg[17]) is unused and will be removed from module Top.
WARNING: [Synth 8-3332] Sequential element (lock/displayPwd/ckl_cnt_reg[18]) is unused and will be removed from module Top.
WARNING: [Synth 8-3332] Sequential element (lock/displayPwd/ckl_cnt_reg[19]) is unused and will be removed from module Top.
WARNING: [Synth 8-3332] Sequential element (lock/displayPwd/ckl_cnt_reg[20]) is unused and will be removed from module Top.
WARNING: [Synth 8-3332] Sequential element (lock/displayPwd/ckl_cnt_reg[21]) is unused and will be removed from module Top.
WARNING: [Synth 8-3332] Sequential element (lock/displayPwd/ckl_cnt_reg[22]) is unused and will be removed from module Top.
WARNING: [Synth 8-3332] Sequential element (lock/displayPwd/ckl_cnt_reg[23]) is unused and will be removed from module Top.
WARNING: [Synth 8-3332] Sequential element (lock/displayPwd/ckl_cnt_reg[24]) is unused and will be removed from module Top.
WARNING: [Synth 8-3332] Sequential element (lock/displayPwd/ckl_cnt_reg[25]) is unused and will be removed from module Top.
WARNING: [Synth 8-3332] Sequential element (lock/displayPwd/ckl_cnt_reg[26]) is unused and will be removed from module Top.
WARNING: [Synth 8-3332] Sequential element (lock/displayPwd/ckl_cnt_reg[27]) is unused and will be removed from module Top.
WARNING: [Synth 8-3332] Sequential element (lock/displayPwd/ckl_cnt_reg[28]) is unused and will be removed from module Top.
WARNING: [Synth 8-3332] Sequential element (lock/displayPwd/ckl_cnt_reg[29]) is unused and will be removed from module Top.
WARNING: [Synth 8-3332] Sequential element (lock/displayPwd/ckl_cnt_reg[30]) is unused and will be removed from module Top.
WARNING: [Synth 8-3332] Sequential element (lock/displayPwd/ckl_cnt_reg[31]) is unused and will be removed from module Top.
WARNING: [Synth 8-3332] Sequential element (lock/displayPwd/ckl_cnt_reg[32]) is unused and will be removed from module Top.
WARNING: [Synth 8-3332] Sequential element (lock/displayPwd/ckl_cnt_reg[33]) is unused and will be removed from module Top.
WARNING: [Synth 8-3332] Sequential element (lock/displayPwd/ckl_cnt_reg[34]) is unused and will be removed from module Top.
WARNING: [Synth 8-3332] Sequential element (lock/displayPwd/ckl_cnt_reg[35]) is unused and will be removed from module Top.
---------------------------------------------------------------------------------
Finished Cross Boundary and Area Optimization : Time (s): cpu = 00:00:16 ; elapsed = 00:00:17 . Memory (MB): peak = 680.605 ; gain = 438.145
---------------------------------------------------------------------------------

Report RTL Partitions: 
+-+--------------+------------+----------+
| |RTL Partition |Replication |Instances |
+-+--------------+------------+----------+
+-+--------------+------------+----------+
---------------------------------------------------------------------------------
Start Applying XDC Timing Constraints
---------------------------------------------------------------------------------
---------------------------------------------------------------------------------
Finished Applying XDC Timing Constraints : Time (s): cpu = 00:00:23 ; elapsed = 00:00:24 . Memory (MB): peak = 680.605 ; gain = 438.145
---------------------------------------------------------------------------------
---------------------------------------------------------------------------------
Start Timing Optimization
---------------------------------------------------------------------------------
---------------------------------------------------------------------------------
Finished Timing Optimization : Time (s): cpu = 00:00:23 ; elapsed = 00:00:24 . Memory (MB): peak = 680.605 ; gain = 438.145
---------------------------------------------------------------------------------

Report RTL Partitions: 
+-+--------------+------------+----------+
| |RTL Partition |Replication |Instances |
+-+--------------+------------+----------+
+-+--------------+------------+----------+
---------------------------------------------------------------------------------
Start Technology Mapping
---------------------------------------------------------------------------------
---------------------------------------------------------------------------------
Finished Technology Mapping : Time (s): cpu = 00:00:23 ; elapsed = 00:00:24 . Memory (MB): peak = 680.605 ; gain = 438.145
---------------------------------------------------------------------------------

Report RTL Partitions: 
+-+--------------+------------+----------+
| |RTL Partition |Replication |Instances |
+-+--------------+------------+----------+
+-+--------------+------------+----------+
---------------------------------------------------------------------------------
Start IO Insertion
---------------------------------------------------------------------------------
---------------------------------------------------------------------------------
Start Flattening Before IO Insertion
---------------------------------------------------------------------------------
---------------------------------------------------------------------------------
Finished Flattening Before IO Insertion
---------------------------------------------------------------------------------
---------------------------------------------------------------------------------
Start Final Netlist Cleanup
---------------------------------------------------------------------------------
---------------------------------------------------------------------------------
Finished Final Netlist Cleanup
---------------------------------------------------------------------------------
---------------------------------------------------------------------------------
Finished IO Insertion : Time (s): cpu = 00:00:24 ; elapsed = 00:00:24 . Memory (MB): peak = 680.605 ; gain = 438.145
---------------------------------------------------------------------------------

Report Check Netlist: 
+------+------------------+-------+---------+-------+------------------+
|      |Item              |Errors |Warnings |Status |Description       |
+------+------------------+-------+---------+-------+------------------+
|1     |multi_driven_nets |      0|        0|Passed |Multi driven nets |
+------+------------------+-------+---------+-------+------------------+
---------------------------------------------------------------------------------
Start Renaming Generated Instances
---------------------------------------------------------------------------------
---------------------------------------------------------------------------------
Finished Renaming Generated Instances : Time (s): cpu = 00:00:24 ; elapsed = 00:00:24 . Memory (MB): peak = 680.605 ; gain = 438.145
---------------------------------------------------------------------------------

Report RTL Partitions: 
+-+--------------+------------+----------+
| |RTL Partition |Replication |Instances |
+-+--------------+------------+----------+
+-+--------------+------------+----------+
---------------------------------------------------------------------------------
Start Rebuilding User Hierarchy
---------------------------------------------------------------------------------
---------------------------------------------------------------------------------
Finished Rebuilding User Hierarchy : Time (s): cpu = 00:00:24 ; elapsed = 00:00:24 . Memory (MB): peak = 680.605 ; gain = 438.145
---------------------------------------------------------------------------------
---------------------------------------------------------------------------------
Start Renaming Generated Ports
---------------------------------------------------------------------------------
---------------------------------------------------------------------------------
Finished Renaming Generated Ports : Time (s): cpu = 00:00:24 ; elapsed = 00:00:24 . Memory (MB): peak = 680.605 ; gain = 438.145
---------------------------------------------------------------------------------
---------------------------------------------------------------------------------
Start Handling Custom Attributes
---------------------------------------------------------------------------------
---------------------------------------------------------------------------------
Finished Handling Custom Attributes : Time (s): cpu = 00:00:24 ; elapsed = 00:00:24 . Memory (MB): peak = 680.605 ; gain = 438.145
---------------------------------------------------------------------------------
---------------------------------------------------------------------------------
Start Renaming Generated Nets
---------------------------------------------------------------------------------
---------------------------------------------------------------------------------
Finished Renaming Generated Nets : Time (s): cpu = 00:00:24 ; elapsed = 00:00:25 . Memory (MB): peak = 680.605 ; gain = 438.145
---------------------------------------------------------------------------------
---------------------------------------------------------------------------------
Start Writing Synthesis Report
---------------------------------------------------------------------------------

Report BlackBoxes: 
+-+--------------+----------+
| |BlackBox name |Instances |
+-+--------------+----------+
+-+--------------+----------+

Report Cell Usage: 
+------+-------+------+
|      |Cell   |Count |
+------+-------+------+
|1     |BUFG   |     1|
|2     |CARRY4 |     4|
|3     |LUT1   |     3|
|4     |LUT2   |     4|
|5     |LUT3   |     1|
|6     |LUT4   |     1|
|7     |LUT5   |     2|
|8     |LUT6   |     6|
|9     |FDCE   |    16|
|10    |IBUF   |    19|
|11    |OBUF   |    22|
+------+-------+------+

Report Instance Areas: 
+------+---------------+-------------+------+
|      |Instance       |Module       |Cells |
+------+---------------+-------------+------+
|1     |top            |             |    79|
|2     |  FSM1         |DisplayFSM   |     0|
|3     |  lock         |Lock         |    33|
|4     |    displayPwd |DisplayTubes |    33|
+------+---------------+-------------+------+
---------------------------------------------------------------------------------
Finished Writing Synthesis Report : Time (s): cpu = 00:00:24 ; elapsed = 00:00:25 . Memory (MB): peak = 680.605 ; gain = 438.145
---------------------------------------------------------------------------------
Synthesis finished with 0 errors, 0 critical warnings and 24 warnings.
Synthesis Optimization Runtime : Time (s): cpu = 00:00:14 ; elapsed = 00:00:21 . Memory (MB): peak = 680.605 ; gain = 135.402
Synthesis Optimization Complete : Time (s): cpu = 00:00:24 ; elapsed = 00:00:25 . Memory (MB): peak = 680.605 ; gain = 438.145
INFO: [Project 1-571] Translating synthesized netlist
INFO: [Netlist 29-17] Analyzing 23 Unisim elements for replacement
INFO: [Netlist 29-28] Unisim Transformation completed in 0 CPU seconds
INFO: [Project 1-570] Preparing netlist for logic optimization
INFO: [Opt 31-138] Pushed 0 inverter(s) to 0 load pin(s).
INFO: [Project 1-111] Unisim Transformation Summary:
No Unisim elements were transformed.

INFO: [Common 17-83] Releasing license: Synthesis
23 Infos, 26 Warnings, 0 Critical Warnings and 0 Errors encountered.
synth_design completed successfully
synth_design: Time (s): cpu = 00:00:24 ; elapsed = 00:00:26 . Memory (MB): peak = 680.605 ; gain = 442.961
INFO: [Common 17-1381] The checkpoint 'E:/FPGA-homework/Lock.runs/synth_2/Top.dcp' has been generated.
INFO: [runtcl-4] Executing : report_utilization -file Top_utilization_synth.rpt -pb Top_utilization_synth.pb
report_utilization: Time (s): cpu = 00:00:00 ; elapsed = 00:00:00.023 . Memory (MB): peak = 680.605 ; gain = 0.000
INFO: [Common 17-206] Exiting Vivado at Wed Nov  4 11:49:42 2020...
